Using pre-set license
Built from '2022.3/china_unity/release' branch; Version is '2022.3.61f1c1 (327989805ccf) revision 3307913'; Using compiler version '192829333'; Build Type 'Release'
OS: 'Windows 11  (10.0.26100) 64bit CoreCountrySpecific' Language: 'zh' Physical Memory: 16108 MB
BatchMode: 1, IsHumanControllingUs: 0, StartBugReporterOnCrash: 0, Is64bit: 1, IsPro: 1

COMMAND LINE ARGUMENTS:
D:\Program Files\Unity\2022.3.61f1c1\Editor\Unity.exe
-adb2
-batchMode
-noUpm
-name
AssetImportWorker1
-projectPath
D:/2/Unity-RL-Playground/gewu
-logFile
Logs/AssetImportWorker1.log
-srvPort
58795
Successfully changed project path to: D:/2/Unity-RL-Playground/gewu
D:/2/Unity-RL-Playground/gewu
[UnityMemory] Configuration Parameters - Can be set up in boot.config
    "memorysetup-bucket-allocator-granularity=16"
    "memorysetup-bucket-allocator-bucket-count=8"
    "memorysetup-bucket-allocator-block-size=33554432"
    "memorysetup-bucket-allocator-block-count=8"
    "memorysetup-main-allocator-block-size=16777216"
    "memorysetup-thread-allocator-block-size=16777216"
    "memorysetup-gfx-main-allocator-block-size=16777216"
    "memorysetup-gfx-thread-allocator-block-size=16777216"
    "memorysetup-cache-allocator-block-size=4194304"
    "memorysetup-typetree-allocator-block-size=2097152"
    "memorysetup-profiler-bucket-allocator-granularity=16"
    "memorysetup-profiler-bucket-allocator-bucket-count=8"
    "memorysetup-profiler-bucket-allocator-block-size=33554432"
    "memorysetup-profiler-bucket-allocator-block-count=8"
    "memorysetup-profiler-allocator-block-size=16777216"
    "memorysetup-profiler-editor-allocator-block-size=1048576"
    "memorysetup-temp-allocator-size-main=16777216"
    "memorysetup-job-temp-allocator-block-size=2097152"
    "memorysetup-job-temp-allocator-block-size-background=1048576"
    "memorysetup-job-temp-allocator-reduction-small-platforms=262144"
    "memorysetup-allocator-temp-initial-block-size-main=262144"
    "memorysetup-allocator-temp-initial-block-size-worker=262144"
    "memorysetup-temp-allocator-size-background-worker=32768"
    "memorysetup-temp-allocator-size-job-worker=262144"
    "memorysetup-temp-allocator-size-preload-manager=33554432"
    "memorysetup-temp-allocator-size-nav-mesh-worker=65536"
    "memorysetup-temp-allocator-size-audio-worker=65536"
    "memorysetup-temp-allocator-size-cloud-worker=32768"
    "memorysetup-temp-allocator-size-gi-baking-worker=262144"
    "memorysetup-temp-allocator-size-gfx=262144"
Player connection [29152]  Target information:

Player connection [29152]  * "[IP] 10.95.118.225 [Port] 0 [Flags] 2 [Guid] 3324212370 [EditorId] 3324212370 [Version] 1048832 [Id] WindowsEditor(7,LAPTOP-QEA6GBDG) [Debug] 1 [PackageName] WindowsEditor [ProjectName] Editor" 

Player connection [29152]  * "[IP] 26.26.26.1 [Port] 0 [Flags] 2 [Guid] 3324212370 [EditorId] 3324212370 [Version] 1048832 [Id] WindowsEditor(7,LAPTOP-QEA6GBDG) [Debug] 1 [PackageName] WindowsEditor [ProjectName] Editor" 

Player connection [29152]  * "[IP] 192.168.1.130 [Port] 0 [Flags] 2 [Guid] 3324212370 [EditorId] 3324212370 [Version] 1048832 [Id] WindowsEditor(7,LAPTOP-QEA6GBDG) [Debug] 1 [PackageName] WindowsEditor [ProjectName] Editor" 

Player connection [29152] Host joined multi-casting on [225.0.0.222:54997]...
Player connection [29152] Host joined alternative multi-casting on [225.0.0.222:34997]...
Input System module state changed to: Initialized.
[PhysX] Initialized MultithreadedTaskDispatcher with 12 workers.
Refreshing native plugins compatible for Editor in 605.10 ms, found 7 plugins.
Preloading 0 native plugins for Editor in 0.00 ms.
Initialize engine version: 2022.3.61f1c1 (327989805ccf)
[Subsystems] Discovering subsystems at path D:/Program Files/Unity/2022.3.61f1c1/Editor/Data/Resources/UnitySubsystems
[Subsystems] Discovering subsystems at path D:/2/Unity-RL-Playground/gewu/Assets
GfxDevice: creating device client; threaded=0; jobified=0
Direct3D:
    Version:  Direct3D 11.0 [level 11.1]
    Renderer: Intel(R) UHD Graphics (ID=0xa7a8)
    Vendor:   Intel
    VRAM:     8054 MB
    Driver:   31.0.101.4146
Initialize mono
Mono path[0] = 'D:/Program Files/Unity/2022.3.61f1c1/Editor/Data/Managed'
Mono path[1] = 'D:/Program Files/Unity/2022.3.61f1c1/Editor/Data/MonoBleedingEdge/lib/mono/unityjit-win32'
Mono config path = 'D:/Program Files/Unity/2022.3.61f1c1/Editor/Data/MonoBleedingEdge/etc'
Using monoOptions --debugger-agent=transport=dt_socket,embedding=1,server=y,suspend=n,address=127.0.0.1:56736
Begin MonoManager ReloadAssembly
Registering precompiled unity dll's ...
Register platform support module: D:/Program Files/Unity/2022.3.61f1c1/Editor/Data/PlaybackEngines/WebGLSupport/UnityEditor.WebGL.Extensions.dll
Register platform support module: D:/Program Files/Unity/2022.3.61f1c1/Editor/Data/PlaybackEngines/AndroidPlayer/UnityEditor.Android.Extensions.dll
Register platform support module: D:/Program Files/Unity/2022.3.61f1c1/Editor/Data/PlaybackEngines/WindowsStandaloneSupport/UnityEditor.WindowsStandalone.Extensions.dll
Register platform support module: D:/Program Files/Unity/2022.3.61f1c1/Editor/Data/PlaybackEngines/LinuxStandaloneSupport/UnityEditor.LinuxStandalone.Extensions.dll
Registered in 0.007594 seconds.
- Loaded All Assemblies, in  0.293 seconds
Native extension for LinuxStandalone target not found
Native extension for WindowsStandalone target not found
Native extension for Android target not found
Android Extension - Scanning For ADB Devices 2216 ms
Native extension for WebGL target not found
Mono: successfully reloaded assembly
- Finished resetting the current domain, in  2.468 seconds
Domain Reload Profiling: 2761ms
	BeginReloadAssembly (81ms)
		ExecutionOrderSort (0ms)
		DisableScriptedObjects (0ms)
		BackupInstance (0ms)
		ReleaseScriptingObjects (0ms)
		CreateAndSetChildDomain (1ms)
	RebuildCommonClasses (25ms)
	RebuildNativeTypeToScriptingClass (8ms)
	initialDomainReloadingComplete (54ms)
	LoadAllAssembliesAndSetupDomain (124ms)
		LoadAssemblies (81ms)
		RebuildTransferFunctionScriptingTraits (0ms)
		AnalyzeDomain (122ms)
			TypeCache.Refresh (120ms)
				TypeCache.ScanAssembly (110ms)
			ScanForSourceGeneratedMonoScriptInfo (0ms)
			ResolveRequiredComponents (0ms)
	FinalizeReload (2468ms)
		ReleaseScriptCaches (0ms)
		RebuildScriptCaches (0ms)
		SetupLoadedEditorAssemblies (2434ms)
			LogAssemblyErrors (0ms)
			InitializePlatformSupportModulesInManaged (2278ms)
			SetLoadedEditorAssemblies (3ms)
			RefreshPlugins (0ms)
			BeforeProcessingInitializeOnLoad (2ms)
			ProcessInitializeOnLoadAttributes (99ms)
			ProcessInitializeOnLoadMethodAttributes (53ms)
			AfterProcessingInitializeOnLoad (0ms)
			EditorAssembliesLoaded (0ms)
		ExecutionOrderSort2 (0ms)
		AwakeInstancesAfterBackupRestoration (0ms)
========================================================================
Worker process is ready to serve import requests
Caller must complete domain reload
Begin MonoManager ReloadAssembly
Symbol file LoadedFromMemory is not a mono symbol file
- Loaded All Assemblies, in  1.288 seconds
Native extension for LinuxStandalone target not found
Native extension for WindowsStandalone target not found
Native extension for Android target not found
Native extension for WebGL target not found
Mono: successfully reloaded assembly
- Finished resetting the current domain, in  0.444 seconds
Domain Reload Profiling: 1732ms
	BeginReloadAssembly (119ms)
		ExecutionOrderSort (0ms)
		DisableScriptedObjects (5ms)
		BackupInstance (0ms)
		ReleaseScriptingObjects (0ms)
		CreateAndSetChildDomain (22ms)
	RebuildCommonClasses (25ms)
	RebuildNativeTypeToScriptingClass (8ms)
	initialDomainReloadingComplete (24ms)
	LoadAllAssembliesAndSetupDomain (1112ms)
		LoadAssemblies (1055ms)
		RebuildTransferFunctionScriptingTraits (0ms)
		AnalyzeDomain (120ms)
			TypeCache.Refresh (102ms)
				TypeCache.ScanAssembly (87ms)
			ScanForSourceGeneratedMonoScriptInfo (14ms)
			ResolveRequiredComponents (4ms)
	FinalizeReload (444ms)
		ReleaseScriptCaches (0ms)
		RebuildScriptCaches (0ms)
		SetupLoadedEditorAssemblies (335ms)
			LogAssemblyErrors (0ms)
			InitializePlatformSupportModulesInManaged (17ms)
			SetLoadedEditorAssemblies (3ms)
			RefreshPlugins (0ms)
			BeforeProcessingInitializeOnLoad (72ms)
			ProcessInitializeOnLoadAttributes (180ms)
			ProcessInitializeOnLoadMethodAttributes (62ms)
			AfterProcessingInitializeOnLoad (1ms)
			EditorAssembliesLoaded (0ms)
		ExecutionOrderSort2 (0ms)
		AwakeInstancesAfterBackupRestoration (4ms)
Launched and connected shader compiler UnityShaderCompiler.exe after 0.08 seconds
Refreshing native plugins compatible for Editor in 69.49 ms, found 7 plugins.
Preloading 0 native plugins for Editor in 0.00 ms.
Unloading 3108 Unused Serialized files (Serialized files now loaded: 0)
Unloading 97 unused Assets / (11.7 MB). Loaded Objects now: 3510.
Memory consumption went from 159.2 MB to 147.5 MB.
Total: 3.839200 ms (FindLiveObjects: 0.242600 ms CreateObjectMapping: 0.061200 ms MarkObjects: 2.119900 ms  DeleteObjects: 1.413800 ms)

AssetImportParameters requested are different than current active one (requested -> active):
  custom:video-decoder-webm-vp8: 9c59270c3fd7afecdb556c50c9e8de78 -> 
  custom:SearchIndexIgnoredProperties: e643bd26f0fe6173181afceb89e7c659 -> 
  custom:container-demuxer-ogg: 62fdf1f143b41e24485cea50d1cbac27 -> 
  custom:AudioImporter_EditorPlatform: d09bf68614088b80899f8185d706f6e7 -> 
  custom:video-codec-MediaFoundation-h265: 746d11721c4dcdbdad8f713fa42b33f4 -> 
  custom:video-decoder-ogg-theora: a1e56fd34408186e4bbccfd4996cb3dc -> 
  custom:framework-win-MediaFoundation: 216162199b28c13a410421893ffa2e32 -> 
  custom:video-encoder-webm-vp8: eb34c28f22e8b96e1ab97ce403110664 -> 
  custom:audio-decoder-ogg-vorbis: bf7c407c2cedff20999df2af8eb42d56 -> 
  custom:CustomObjectIndexerAttribute: 9a22284fe3817be447336de3de66b15e -> 
  custom:container-demuxer-webm: 4f35f7cbe854078d1ac9338744f61a02 -> 
  custom:audio-encoder-webm-vorbis: bf7c407c2cedff20999df2af8eb42d56 -> 
  custom:container-muxer-webm: aa71ff27fc2769a1b78a27578f13a17b -> 
========================================================================
Received Import Request.
  Time since last request: 111535.926811 seconds.
  path: Assets/Ros2ForUnity
  artifactKey: Guid(33b65978e5d659e4e8a64611b2feaf09) Importer(815301076,1909f56bfc062723c751e8b465ee728b)
Start importing Assets/Ros2ForUnity using Guid(33b65978e5d659e4e8a64611b2feaf09) Importer(815301076,1909f56bfc062723c751e8b465ee728b) [PhysX] Initialized MultithreadedTaskDispatcher with 12 workers.
 -> (artifact id: '6f298cf3fb0c9e151321ef3da4c37452') in 0.001815 seconds
Number of updated asset objects reloaded before import = 0
Number of asset objects unloaded after import = 0
========================================================================
Received Prepare
Caller must complete domain reload
Begin MonoManager ReloadAssembly
Symbol file LoadedFromMemory is not a mono symbol file
- Loaded All Assemblies, in  0.373 seconds
Native extension for LinuxStandalone target not found
Native extension for WindowsStandalone target not found
Native extension for Android target not found
Native extension for WebGL target not found
Mono: successfully reloaded assembly
- Finished resetting the current domain, in  0.512 seconds
Domain Reload Profiling: 884ms
	BeginReloadAssembly (107ms)
		ExecutionOrderSort (0ms)
		DisableScriptedObjects (3ms)
		BackupInstance (0ms)
		ReleaseScriptingObjects (0ms)
		CreateAndSetChildDomain (24ms)
	RebuildCommonClasses (28ms)
	RebuildNativeTypeToScriptingClass (8ms)
	initialDomainReloadingComplete (21ms)
	LoadAllAssembliesAndSetupDomain (209ms)
		LoadAssemblies (209ms)
		RebuildTransferFunctionScriptingTraits (0ms)
		AnalyzeDomain (55ms)
			TypeCache.Refresh (39ms)
				TypeCache.ScanAssembly (32ms)
			ScanForSourceGeneratedMonoScriptInfo (12ms)
			ResolveRequiredComponents (3ms)
	FinalizeReload (512ms)
		ReleaseScriptCaches (0ms)
		RebuildScriptCaches (0ms)
		SetupLoadedEditorAssemblies (271ms)
			LogAssemblyErrors (0ms)
			InitializePlatformSupportModulesInManaged (14ms)
			SetLoadedEditorAssemblies (2ms)
			RefreshPlugins (0ms)
			BeforeProcessingInitializeOnLoad (65ms)
			ProcessInitializeOnLoadAttributes (135ms)
			ProcessInitializeOnLoadMethodAttributes (53ms)
			AfterProcessingInitializeOnLoad (1ms)
			EditorAssembliesLoaded (0ms)
		ExecutionOrderSort2 (0ms)
		AwakeInstancesAfterBackupRestoration (4ms)
Refreshing native plugins compatible for Editor in 52.88 ms, found 7 plugins.
Preloading 0 native plugins for Editor in 0.00 ms.
Unloading 3008 Unused Serialized files (Serialized files now loaded: 0)
Unloading 107 unused Assets / (11.6 MB). Loaded Objects now: 3494.
Memory consumption went from 141.0 MB to 129.4 MB.
Total: 3.344400 ms (FindLiveObjects: 0.158000 ms CreateObjectMapping: 0.055300 ms MarkObjects: 2.034500 ms  DeleteObjects: 1.095700 ms)

Prepare: number of updated asset objects reloaded= 1
AssetImportParameters requested are different than current active one (requested -> active):
  custom:video-decoder-webm-vp8: 9c59270c3fd7afecdb556c50c9e8de78 -> 
  custom:SearchIndexIgnoredProperties: e643bd26f0fe6173181afceb89e7c659 -> 
  custom:container-demuxer-ogg: 62fdf1f143b41e24485cea50d1cbac27 -> 
  custom:AudioImporter_EditorPlatform: d09bf68614088b80899f8185d706f6e7 -> 
  custom:video-codec-MediaFoundation-h265: 746d11721c4dcdbdad8f713fa42b33f4 -> 
  custom:video-decoder-ogg-theora: a1e56fd34408186e4bbccfd4996cb3dc -> 
  custom:framework-win-MediaFoundation: 216162199b28c13a410421893ffa2e32 -> 
  custom:video-encoder-webm-vp8: eb34c28f22e8b96e1ab97ce403110664 -> 
  custom:audio-decoder-ogg-vorbis: bf7c407c2cedff20999df2af8eb42d56 -> 
  custom:CustomObjectIndexerAttribute: 9a22284fe3817be447336de3de66b15e -> 
  custom:container-demuxer-webm: 4f35f7cbe854078d1ac9338744f61a02 -> 
  custom:audio-encoder-webm-vorbis: bf7c407c2cedff20999df2af8eb42d56 -> 
  custom:scripting/precompiled-assembly-types:Assembly-CSharp: 4cb3e4179749dffa3082182fd7c2fb94 -> 0c3c1e429f7dfc7e14ecc9a488e1cca0
  custom:container-muxer-webm: aa71ff27fc2769a1b78a27578f13a17b -> 
  custom:scripting/precompiled-assembly-types:GifImporter.Editor:  -> 0b2344f56563d59f893e02cbe3e67dcd
  custom:scripting/precompiled-assembly-types:Unity.UOS.Encrypt:  -> 7a6315104a059f81d19026446b877d61
  custom:scripting/precompiled-assembly-types:GifForUnity:  -> 888fc6d130c9e3e30debf54a3e0aedb5
  custom:scripting/precompiled-assembly-types:GifPacked:  -> ad36f1bf77d2edb7ea9efcfee76b4ac5
========================================================================
Received Prepare
Caller must complete domain reload
Begin MonoManager ReloadAssembly
Symbol file LoadedFromMemory is not a mono symbol file
- Loaded All Assemblies, in  0.299 seconds
Native extension for LinuxStandalone target not found
Native extension for WindowsStandalone target not found
Native extension for Android target not found
Native extension for WebGL target not found
Mono: successfully reloaded assembly
- Finished resetting the current domain, in  0.431 seconds
Domain Reload Profiling: 730ms
	BeginReloadAssembly (101ms)
		ExecutionOrderSort (0ms)
		DisableScriptedObjects (4ms)
		BackupInstance (0ms)
		ReleaseScriptingObjects (0ms)
		CreateAndSetChildDomain (20ms)
	RebuildCommonClasses (23ms)
	RebuildNativeTypeToScriptingClass (8ms)
	initialDomainReloadingComplete (25ms)
	LoadAllAssembliesAndSetupDomain (142ms)
		LoadAssemblies (186ms)
		RebuildTransferFunctionScriptingTraits (0ms)
		AnalyzeDomain (10ms)
			TypeCache.Refresh (5ms)
				TypeCache.ScanAssembly (0ms)
			ScanForSourceGeneratedMonoScriptInfo (0ms)
			ResolveRequiredComponents (3ms)
	FinalizeReload (432ms)
		ReleaseScriptCaches (0ms)
		RebuildScriptCaches (0ms)
		SetupLoadedEditorAssemblies (258ms)
			LogAssemblyErrors (0ms)
			InitializePlatformSupportModulesInManaged (13ms)
			SetLoadedEditorAssemblies (2ms)
			RefreshPlugins (0ms)
			BeforeProcessingInitializeOnLoad (59ms)
			ProcessInitializeOnLoadAttributes (131ms)
			ProcessInitializeOnLoadMethodAttributes (51ms)
			AfterProcessingInitializeOnLoad (1ms)
			EditorAssembliesLoaded (0ms)
		ExecutionOrderSort2 (0ms)
		AwakeInstancesAfterBackupRestoration (4ms)
Refreshing native plugins compatible for Editor in 56.52 ms, found 7 plugins.
Preloading 0 native plugins for Editor in 0.00 ms.
Unloading 3009 Unused Serialized files (Serialized files now loaded: 0)
Unloading 87 unused Assets / (11.6 MB). Loaded Objects now: 3497.
Memory consumption went from 141.2 MB to 129.6 MB.
Total: 3.451200 ms (FindLiveObjects: 0.148600 ms CreateObjectMapping: 0.056200 ms MarkObjects: 2.037000 ms  DeleteObjects: 1.208200 ms)

Prepare: number of updated asset objects reloaded= 0
AssetImportParameters requested are different than current active one (requested -> active):
  custom:video-decoder-webm-vp8: 9c59270c3fd7afecdb556c50c9e8de78 -> 
  custom:SearchIndexIgnoredProperties: e643bd26f0fe6173181afceb89e7c659 -> 
  custom:container-demuxer-ogg: 62fdf1f143b41e24485cea50d1cbac27 -> 
  custom:AudioImporter_EditorPlatform: d09bf68614088b80899f8185d706f6e7 -> 
  custom:video-codec-MediaFoundation-h265: 746d11721c4dcdbdad8f713fa42b33f4 -> 
  custom:video-decoder-ogg-theora: a1e56fd34408186e4bbccfd4996cb3dc -> 
  custom:framework-win-MediaFoundation: 216162199b28c13a410421893ffa2e32 -> 
  custom:video-encoder-webm-vp8: eb34c28f22e8b96e1ab97ce403110664 -> 
  custom:audio-decoder-ogg-vorbis: bf7c407c2cedff20999df2af8eb42d56 -> 
  custom:CustomObjectIndexerAttribute: 9a22284fe3817be447336de3de66b15e -> 
  custom:container-demuxer-webm: 4f35f7cbe854078d1ac9338744f61a02 -> 
  custom:audio-encoder-webm-vorbis: bf7c407c2cedff20999df2af8eb42d56 -> 
  custom:scripting/precompiled-assembly-types:Assembly-CSharp: 4cb3e4179749dffa3082182fd7c2fb94 -> 0c3c1e429f7dfc7e14ecc9a488e1cca0
  custom:container-muxer-webm: aa71ff27fc2769a1b78a27578f13a17b -> 
  custom:scripting/precompiled-assembly-types:GifImporter.Editor:  -> 0b2344f56563d59f893e02cbe3e67dcd
  custom:scripting/precompiled-assembly-types:Unity.UOS.Encrypt:  -> 7a6315104a059f81d19026446b877d61
  custom:scripting/precompiled-assembly-types:GifForUnity:  -> 888fc6d130c9e3e30debf54a3e0aedb5
  custom:scripting/precompiled-assembly-types:GifPacked:  -> ad36f1bf77d2edb7ea9efcfee76b4ac5
========================================================================
Received Prepare
Caller must complete domain reload
Begin MonoManager ReloadAssembly
Symbol file LoadedFromMemory is not a mono symbol file
- Loaded All Assemblies, in  0.287 seconds
Native extension for LinuxStandalone target not found
Native extension for WindowsStandalone target not found
Native extension for Android target not found
Native extension for WebGL target not found
Mono: successfully reloaded assembly
- Finished resetting the current domain, in  0.535 seconds
Domain Reload Profiling: 822ms
	BeginReloadAssembly (103ms)
		ExecutionOrderSort (0ms)
		DisableScriptedObjects (3ms)
		BackupInstance (0ms)
		ReleaseScriptingObjects (0ms)
		CreateAndSetChildDomain (20ms)
	RebuildCommonClasses (22ms)
	RebuildNativeTypeToScriptingClass (7ms)
	initialDomainReloadingComplete (20ms)
	LoadAllAssembliesAndSetupDomain (133ms)
		LoadAssemblies (181ms)
		RebuildTransferFunctionScriptingTraits (0ms)
		AnalyzeDomain (9ms)
			TypeCache.Refresh (4ms)
				TypeCache.ScanAssembly (0ms)
			ScanForSourceGeneratedMonoScriptInfo (0ms)
			ResolveRequiredComponents (3ms)
	FinalizeReload (535ms)
		ReleaseScriptCaches (0ms)
		RebuildScriptCaches (0ms)
		SetupLoadedEditorAssemblies (275ms)
			LogAssemblyErrors (0ms)
			InitializePlatformSupportModulesInManaged (14ms)
			SetLoadedEditorAssemblies (2ms)
			RefreshPlugins (0ms)
			BeforeProcessingInitializeOnLoad (59ms)
			ProcessInitializeOnLoadAttributes (145ms)
			ProcessInitializeOnLoadMethodAttributes (53ms)
			AfterProcessingInitializeOnLoad (1ms)
			EditorAssembliesLoaded (0ms)
		ExecutionOrderSort2 (0ms)
		AwakeInstancesAfterBackupRestoration (4ms)
Refreshing native plugins compatible for Editor in 56.32 ms, found 7 plugins.
Preloading 0 native plugins for Editor in 0.00 ms.
Unloading 3009 Unused Serialized files (Serialized files now loaded: 0)
Unloading 87 unused Assets / (11.6 MB). Loaded Objects now: 3501.
Memory consumption went from 141.2 MB to 129.6 MB.
Total: 3.419400 ms (FindLiveObjects: 0.151200 ms CreateObjectMapping: 0.057400 ms MarkObjects: 2.017300 ms  DeleteObjects: 1.192400 ms)

Prepare: number of updated asset objects reloaded= 0
AssetImportParameters requested are different than current active one (requested -> active):
  custom:video-decoder-webm-vp8: 9c59270c3fd7afecdb556c50c9e8de78 -> 
  custom:SearchIndexIgnoredProperties: e643bd26f0fe6173181afceb89e7c659 -> 
  custom:container-demuxer-ogg: 62fdf1f143b41e24485cea50d1cbac27 -> 
  custom:AudioImporter_EditorPlatform: d09bf68614088b80899f8185d706f6e7 -> 
  custom:video-codec-MediaFoundation-h265: 746d11721c4dcdbdad8f713fa42b33f4 -> 
  custom:video-decoder-ogg-theora: a1e56fd34408186e4bbccfd4996cb3dc -> 
  custom:framework-win-MediaFoundation: 216162199b28c13a410421893ffa2e32 -> 
  custom:video-encoder-webm-vp8: eb34c28f22e8b96e1ab97ce403110664 -> 
  custom:audio-decoder-ogg-vorbis: bf7c407c2cedff20999df2af8eb42d56 -> 
  custom:CustomObjectIndexerAttribute: 9a22284fe3817be447336de3de66b15e -> 
  custom:container-demuxer-webm: 4f35f7cbe854078d1ac9338744f61a02 -> 
  custom:audio-encoder-webm-vorbis: bf7c407c2cedff20999df2af8eb42d56 -> 
  custom:scripting/precompiled-assembly-types:Assembly-CSharp: 4cb3e4179749dffa3082182fd7c2fb94 -> 0c3c1e429f7dfc7e14ecc9a488e1cca0
  custom:container-muxer-webm: aa71ff27fc2769a1b78a27578f13a17b -> 
  custom:scripting/precompiled-assembly-types:GifImporter.Editor:  -> 0b2344f56563d59f893e02cbe3e67dcd
  custom:scripting/precompiled-assembly-types:Unity.UOS.Encrypt:  -> 7a6315104a059f81d19026446b877d61
  custom:scripting/precompiled-assembly-types:GifForUnity:  -> 888fc6d130c9e3e30debf54a3e0aedb5
  custom:scripting/precompiled-assembly-types:GifPacked:  -> ad36f1bf77d2edb7ea9efcfee76b4ac5
========================================================================
Received Prepare
Caller must complete domain reload
Begin MonoManager ReloadAssembly
Symbol file LoadedFromMemory is not a mono symbol file
- Loaded All Assemblies, in  1.076 seconds
Native extension for LinuxStandalone target not found
Native extension for WindowsStandalone target not found
Native extension for Android target not found
Native extension for WebGL target not found
Mono: successfully reloaded assembly
- Finished resetting the current domain, in  1.975 seconds
Domain Reload Profiling: 3049ms
	BeginReloadAssembly (290ms)
		ExecutionOrderSort (0ms)
		DisableScriptedObjects (13ms)
		BackupInstance (0ms)
		ReleaseScriptingObjects (0ms)
		CreateAndSetChildDomain (49ms)
	RebuildCommonClasses (69ms)
	RebuildNativeTypeToScriptingClass (20ms)
	initialDomainReloadingComplete (60ms)
	LoadAllAssembliesAndSetupDomain (634ms)
		LoadAssemblies (680ms)
		RebuildTransferFunctionScriptingTraits (0ms)
		AnalyzeDomain (141ms)
			TypeCache.Refresh (106ms)
				TypeCache.ScanAssembly (83ms)
			ScanForSourceGeneratedMonoScriptInfo (28ms)
			ResolveRequiredComponents (7ms)
	FinalizeReload (1976ms)
		ReleaseScriptCaches (0ms)
		RebuildScriptCaches (0ms)
		SetupLoadedEditorAssemblies (1395ms)
			LogAssemblyErrors (0ms)
			InitializePlatformSupportModulesInManaged (33ms)
			SetLoadedEditorAssemblies (5ms)
			RefreshPlugins (0ms)
			BeforeProcessingInitializeOnLoad (150ms)
			ProcessInitializeOnLoadAttributes (910ms)
			ProcessInitializeOnLoadMethodAttributes (286ms)
			AfterProcessingInitializeOnLoad (10ms)
			EditorAssembliesLoaded (1ms)
		ExecutionOrderSort2 (0ms)
		AwakeInstancesAfterBackupRestoration (19ms)
Refreshing native plugins compatible for Editor in 295.77 ms, found 7 plugins.
Preloading 0 native plugins for Editor in 0.00 ms.
Unloading 2964 Unused Serialized files (Serialized files now loaded: 0)
Unloading 82 unused Assets / (11.6 MB). Loaded Objects now: 3485.
Memory consumption went from 143.4 MB to 131.8 MB.
Total: 82.255400 ms (FindLiveObjects: 0.795000 ms CreateObjectMapping: 0.146700 ms MarkObjects: 42.687700 ms  DeleteObjects: 38.623900 ms)

Prepare: number of updated asset objects reloaded= 0
AssetImportParameters requested are different than current active one (requested -> active):
  custom:video-decoder-webm-vp8: 9c59270c3fd7afecdb556c50c9e8de78 -> 
  custom:SearchIndexIgnoredProperties: e643bd26f0fe6173181afceb89e7c659 -> 
  custom:container-demuxer-ogg: 62fdf1f143b41e24485cea50d1cbac27 -> 
  custom:AudioImporter_EditorPlatform: d09bf68614088b80899f8185d706f6e7 -> 
  custom:video-codec-MediaFoundation-h265: 746d11721c4dcdbdad8f713fa42b33f4 -> 
  custom:video-decoder-ogg-theora: a1e56fd34408186e4bbccfd4996cb3dc -> 
  custom:framework-win-MediaFoundation: 216162199b28c13a410421893ffa2e32 -> 
  custom:video-encoder-webm-vp8: eb34c28f22e8b96e1ab97ce403110664 -> 
  custom:audio-decoder-ogg-vorbis: bf7c407c2cedff20999df2af8eb42d56 -> 
  custom:CustomObjectIndexerAttribute: 9a22284fe3817be447336de3de66b15e -> 
  custom:container-demuxer-webm: 4f35f7cbe854078d1ac9338744f61a02 -> 
  custom:audio-encoder-webm-vorbis: bf7c407c2cedff20999df2af8eb42d56 -> 
  custom:scripting/precompiled-assembly-types:Assembly-CSharp: 95d71a5952003cd688abe4c6991cb05c -> 0c3c1e429f7dfc7e14ecc9a488e1cca0
  custom:container-muxer-webm: aa71ff27fc2769a1b78a27578f13a17b -> 
  custom:scripting/precompiled-assembly-types:unique_identifier_msgs_assembly:  -> 0722514d353a5fa84ff50d72c3fe1518
  custom:scripting/precompiled-assembly-types:actionlib_msgs_assembly:  -> 4737f4453aca56266203e3881e290e7e
  custom:scripting/precompiled-assembly-types:trajectory_msgs_assembly:  -> 6ab153da704a0e2a0bd3c7c989404a34
  custom:scripting/precompiled-assembly-types:builtin_interfaces_assembly:  -> 6471b00689516d4766b7b02fa35fb470
  custom:scripting/precompiled-assembly-types:ros2cs_core:  -> 52cd421c83497339dad9e54ec8d67b9c
  custom:scripting/precompiled-assembly-types:unitree_api_assembly:  -> 01abe994fc86871ad295b8c27103def4
  custom:scripting/precompiled-assembly-types:diagnostic_msgs_assembly:  -> b8485d87f45a0007f31fc49830cd592a
  custom:scripting/precompiled-assembly-types:lifecycle_msgs_assembly:  -> c1d57595b5a7da91c6a60a55bfb164c8
  custom:scripting/precompiled-assembly-types:GifImporter.Editor:  -> 0b2344f56563d59f893e02cbe3e67dcd
  custom:scripting/precompiled-assembly-types:action_msgs_assembly:  -> 06f294d42755d528b8d56e9e31cff75c
  custom:scripting/precompiled-assembly-types:geometry_msgs_assembly:  -> f4fb7254f2b7a1394aac2a2cc166e113
  custom:scripting/precompiled-assembly-types:rosgraph_msgs_assembly:  -> 7b185fa71e790ee3a161bdd62db98b08
  custom:scripting/precompiled-assembly-types:shape_msgs_assembly:  -> 249b6ed15b5936c3063fe72f46169369
  custom:scripting/precompiled-assembly-types:rcl_interfaces_assembly:  -> 1f90e9dd9744ea07f510e12e469602d7
  custom:scripting/precompiled-assembly-types:sensor_msgs_assembly:  -> d8faa0892984bac7485d3a83ac75a223
  custom:scripting/precompiled-assembly-types:stereo_msgs_assembly:  -> d8a4c5284b1497bcd4d2c6a4a7add63a
  custom:scripting/precompiled-assembly-types:Unity.UOS.Encrypt:  -> 7a6315104a059f81d19026446b877d61
  custom:scripting/precompiled-assembly-types:tf2_msgs_assembly:  -> 9136b9cc934a6fb36d12c7a97d032807
  custom:scripting/precompiled-assembly-types:nav_msgs_assembly:  -> 5d9473157ab74747a08ed99c154535a1
  custom:scripting/precompiled-assembly-types:composition_interfaces_assembly:  -> 254ef6a2336e5740d258dafd1eed2574
  custom:scripting/precompiled-assembly-types:std_srvs_assembly:  -> 7d0cc7d77a045533aff7a6be94be770b
  custom:scripting/precompiled-assembly-types:statistics_msgs_assembly:  -> cf98c839fdad50b48caee009d6a44347
  custom:scripting/precompiled-assembly-types:GifForUnity:  -> 888fc6d130c9e3e30debf54a3e0aedb5
  custom:scripting/precompiled-assembly-types:unitree_go_assembly:  -> 2bcfb66c9ecc88a149cc4a4266e42a4a
  custom:scripting/precompiled-assembly-types:visualization_msgs_assembly:  -> 44b2af9577aeac2ab56dcad287f93b1a
  custom:scripting/precompiled-assembly-types:ros2cs_common:  -> d2061cc77464ad5bc9f61613ebcb5495
  custom:scripting/precompiled-assembly-types:std_msgs_assembly:  -> 29342e9ecd4c8b70f88446f857491dc3
  custom:scripting/precompiled-assembly-types:test_msgs_assembly:  -> df84e8d558cb89dfa486f7cd582c47af
  custom:scripting/precompiled-assembly-types:GifPacked:  -> ad36f1bf77d2edb7ea9efcfee76b4ac5
========================================================================
Received Prepare
Caller must complete domain reload
Begin MonoManager ReloadAssembly
Symbol file LoadedFromMemory is not a mono symbol file
- Loaded All Assemblies, in  0.285 seconds
Native extension for LinuxStandalone target not found
Native extension for WindowsStandalone target not found
Native extension for Android target not found
Native extension for WebGL target not found
Mono: successfully reloaded assembly
- Finished resetting the current domain, in  0.431 seconds
Domain Reload Profiling: 716ms
	BeginReloadAssembly (112ms)
		ExecutionOrderSort (0ms)
		DisableScriptedObjects (4ms)
		BackupInstance (0ms)
		ReleaseScriptingObjects (0ms)
		CreateAndSetChildDomain (25ms)
	RebuildCommonClasses (23ms)
	RebuildNativeTypeToScriptingClass (7ms)
	initialDomainReloadingComplete (19ms)
	LoadAllAssembliesAndSetupDomain (123ms)
		LoadAssemblies (174ms)
		RebuildTransferFunctionScriptingTraits (0ms)
		AnalyzeDomain (8ms)
			TypeCache.Refresh (4ms)
				TypeCache.ScanAssembly (0ms)
			ScanForSourceGeneratedMonoScriptInfo (0ms)
			ResolveRequiredComponents (3ms)
	FinalizeReload (432ms)
		ReleaseScriptCaches (0ms)
		RebuildScriptCaches (0ms)
		SetupLoadedEditorAssemblies (257ms)
			LogAssemblyErrors (0ms)
			InitializePlatformSupportModulesInManaged (14ms)
			SetLoadedEditorAssemblies (3ms)
			RefreshPlugins (0ms)
			BeforeProcessingInitializeOnLoad (59ms)
			ProcessInitializeOnLoadAttributes (127ms)
			ProcessInitializeOnLoadMethodAttributes (53ms)
			AfterProcessingInitializeOnLoad (1ms)
			EditorAssembliesLoaded (0ms)
		ExecutionOrderSort2 (0ms)
		AwakeInstancesAfterBackupRestoration (4ms)
Refreshing native plugins compatible for Editor in 27.06 ms, found 7 plugins.
Preloading 0 native plugins for Editor in 0.00 ms.
Unloading 2964 Unused Serialized files (Serialized files now loaded: 0)
Unloading 62 unused Assets / (11.6 MB). Loaded Objects now: 3489.
Memory consumption went from 141.9 MB to 130.3 MB.
Total: 3.171100 ms (FindLiveObjects: 0.204800 ms CreateObjectMapping: 0.057000 ms MarkObjects: 1.836400 ms  DeleteObjects: 1.071600 ms)

Prepare: number of updated asset objects reloaded= 0
AssetImportParameters requested are different than current active one (requested -> active):
  custom:video-decoder-webm-vp8: 9c59270c3fd7afecdb556c50c9e8de78 -> 
  custom:SearchIndexIgnoredProperties: e643bd26f0fe6173181afceb89e7c659 -> 
  custom:container-demuxer-ogg: 62fdf1f143b41e24485cea50d1cbac27 -> 
  custom:AudioImporter_EditorPlatform: d09bf68614088b80899f8185d706f6e7 -> 
  custom:video-codec-MediaFoundation-h265: 746d11721c4dcdbdad8f713fa42b33f4 -> 
  custom:video-decoder-ogg-theora: a1e56fd34408186e4bbccfd4996cb3dc -> 
  custom:framework-win-MediaFoundation: 216162199b28c13a410421893ffa2e32 -> 
  custom:video-encoder-webm-vp8: eb34c28f22e8b96e1ab97ce403110664 -> 
  custom:audio-decoder-ogg-vorbis: bf7c407c2cedff20999df2af8eb42d56 -> 
  custom:CustomObjectIndexerAttribute: 9a22284fe3817be447336de3de66b15e -> 
  custom:container-demuxer-webm: 4f35f7cbe854078d1ac9338744f61a02 -> 
  custom:audio-encoder-webm-vorbis: bf7c407c2cedff20999df2af8eb42d56 -> 
  custom:scripting/precompiled-assembly-types:Assembly-CSharp: 95d71a5952003cd688abe4c6991cb05c -> 0c3c1e429f7dfc7e14ecc9a488e1cca0
  custom:container-muxer-webm: aa71ff27fc2769a1b78a27578f13a17b -> 
  custom:scripting/precompiled-assembly-types:unique_identifier_msgs_assembly:  -> 0722514d353a5fa84ff50d72c3fe1518
  custom:scripting/precompiled-assembly-types:actionlib_msgs_assembly:  -> 4737f4453aca56266203e3881e290e7e
  custom:scripting/precompiled-assembly-types:trajectory_msgs_assembly:  -> 6ab153da704a0e2a0bd3c7c989404a34
  custom:scripting/precompiled-assembly-types:builtin_interfaces_assembly:  -> 6471b00689516d4766b7b02fa35fb470
  custom:scripting/precompiled-assembly-types:ros2cs_core:  -> 52cd421c83497339dad9e54ec8d67b9c
  custom:scripting/precompiled-assembly-types:unitree_api_assembly:  -> 01abe994fc86871ad295b8c27103def4
  custom:scripting/precompiled-assembly-types:diagnostic_msgs_assembly:  -> b8485d87f45a0007f31fc49830cd592a
  custom:scripting/precompiled-assembly-types:lifecycle_msgs_assembly:  -> c1d57595b5a7da91c6a60a55bfb164c8
  custom:scripting/precompiled-assembly-types:GifImporter.Editor:  -> 0b2344f56563d59f893e02cbe3e67dcd
  custom:scripting/precompiled-assembly-types:action_msgs_assembly:  -> 06f294d42755d528b8d56e9e31cff75c
  custom:scripting/precompiled-assembly-types:geometry_msgs_assembly:  -> f4fb7254f2b7a1394aac2a2cc166e113
  custom:scripting/precompiled-assembly-types:rosgraph_msgs_assembly:  -> 7b185fa71e790ee3a161bdd62db98b08
  custom:scripting/precompiled-assembly-types:shape_msgs_assembly:  -> 249b6ed15b5936c3063fe72f46169369
  custom:scripting/precompiled-assembly-types:rcl_interfaces_assembly:  -> 1f90e9dd9744ea07f510e12e469602d7
  custom:scripting/precompiled-assembly-types:sensor_msgs_assembly:  -> d8faa0892984bac7485d3a83ac75a223
  custom:scripting/precompiled-assembly-types:stereo_msgs_assembly:  -> d8a4c5284b1497bcd4d2c6a4a7add63a
  custom:scripting/precompiled-assembly-types:Unity.UOS.Encrypt:  -> 7a6315104a059f81d19026446b877d61
  custom:scripting/precompiled-assembly-types:tf2_msgs_assembly:  -> 9136b9cc934a6fb36d12c7a97d032807
  custom:scripting/precompiled-assembly-types:nav_msgs_assembly:  -> 5d9473157ab74747a08ed99c154535a1
  custom:scripting/precompiled-assembly-types:composition_interfaces_assembly:  -> 254ef6a2336e5740d258dafd1eed2574
  custom:scripting/precompiled-assembly-types:std_srvs_assembly:  -> 7d0cc7d77a045533aff7a6be94be770b
  custom:scripting/precompiled-assembly-types:statistics_msgs_assembly:  -> cf98c839fdad50b48caee009d6a44347
  custom:scripting/precompiled-assembly-types:GifForUnity:  -> 888fc6d130c9e3e30debf54a3e0aedb5
  custom:scripting/precompiled-assembly-types:unitree_go_assembly:  -> 2bcfb66c9ecc88a149cc4a4266e42a4a
  custom:scripting/precompiled-assembly-types:visualization_msgs_assembly:  -> 44b2af9577aeac2ab56dcad287f93b1a
  custom:scripting/precompiled-assembly-types:ros2cs_common:  -> d2061cc77464ad5bc9f61613ebcb5495
  custom:scripting/precompiled-assembly-types:std_msgs_assembly:  -> 29342e9ecd4c8b70f88446f857491dc3
  custom:scripting/precompiled-assembly-types:test_msgs_assembly:  -> df84e8d558cb89dfa486f7cd582c47af
  custom:scripting/precompiled-assembly-types:GifPacked:  -> ad36f1bf77d2edb7ea9efcfee76b4ac5
========================================================================
Received Prepare
Caller must complete domain reload
Begin MonoManager ReloadAssembly
Symbol file LoadedFromMemory is not a mono symbol file
- Loaded All Assemblies, in  0.302 seconds
Native extension for LinuxStandalone target not found
Native extension for WindowsStandalone target not found
Native extension for Android target not found
Native extension for WebGL target not found
Mono: successfully reloaded assembly
- Finished resetting the current domain, in  0.515 seconds
Domain Reload Profiling: 817ms
	BeginReloadAssembly (105ms)
		ExecutionOrderSort (0ms)
		DisableScriptedObjects (3ms)
		BackupInstance (0ms)
		ReleaseScriptingObjects (0ms)
		CreateAndSetChildDomain (20ms)
	RebuildCommonClasses (24ms)
	RebuildNativeTypeToScriptingClass (7ms)
	initialDomainReloadingComplete (18ms)
	LoadAllAssembliesAndSetupDomain (146ms)
		LoadAssemblies (195ms)
		RebuildTransferFunctionScriptingTraits (0ms)
		AnalyzeDomain (9ms)
			TypeCache.Refresh (5ms)
				TypeCache.ScanAssembly (0ms)
			ScanForSourceGeneratedMonoScriptInfo (0ms)
			ResolveRequiredComponents (3ms)
	FinalizeReload (515ms)
		ReleaseScriptCaches (0ms)
		RebuildScriptCaches (0ms)
		SetupLoadedEditorAssemblies (265ms)
			LogAssemblyErrors (0ms)
			InitializePlatformSupportModulesInManaged (14ms)
			SetLoadedEditorAssemblies (2ms)
			RefreshPlugins (0ms)
			BeforeProcessingInitializeOnLoad (60ms)
			ProcessInitializeOnLoadAttributes (136ms)
			ProcessInitializeOnLoadMethodAttributes (52ms)
			AfterProcessingInitializeOnLoad (1ms)
			EditorAssembliesLoaded (0ms)
		ExecutionOrderSort2 (0ms)
		AwakeInstancesAfterBackupRestoration (4ms)
Refreshing native plugins compatible for Editor in 26.16 ms, found 7 plugins.
Preloading 0 native plugins for Editor in 0.00 ms.
Unloading 2964 Unused Serialized files (Serialized files now loaded: 0)
Unloading 62 unused Assets / (11.6 MB). Loaded Objects now: 3493.
Memory consumption went from 141.9 MB to 130.3 MB.
Total: 3.544100 ms (FindLiveObjects: 0.158800 ms CreateObjectMapping: 0.058700 ms MarkObjects: 1.928600 ms  DeleteObjects: 1.396900 ms)

Prepare: number of updated asset objects reloaded= 0
AssetImportParameters requested are different than current active one (requested -> active):
  custom:video-decoder-webm-vp8: 9c59270c3fd7afecdb556c50c9e8de78 -> 
  custom:SearchIndexIgnoredProperties: e643bd26f0fe6173181afceb89e7c659 -> 
  custom:container-demuxer-ogg: 62fdf1f143b41e24485cea50d1cbac27 -> 
  custom:AudioImporter_EditorPlatform: d09bf68614088b80899f8185d706f6e7 -> 
  custom:video-codec-MediaFoundation-h265: 746d11721c4dcdbdad8f713fa42b33f4 -> 
  custom:video-decoder-ogg-theora: a1e56fd34408186e4bbccfd4996cb3dc -> 
  custom:framework-win-MediaFoundation: 216162199b28c13a410421893ffa2e32 -> 
  custom:video-encoder-webm-vp8: eb34c28f22e8b96e1ab97ce403110664 -> 
  custom:audio-decoder-ogg-vorbis: bf7c407c2cedff20999df2af8eb42d56 -> 
  custom:CustomObjectIndexerAttribute: 9a22284fe3817be447336de3de66b15e -> 
  custom:container-demuxer-webm: 4f35f7cbe854078d1ac9338744f61a02 -> 
  custom:audio-encoder-webm-vorbis: bf7c407c2cedff20999df2af8eb42d56 -> 
  custom:scripting/precompiled-assembly-types:Assembly-CSharp: 95d71a5952003cd688abe4c6991cb05c -> 0c3c1e429f7dfc7e14ecc9a488e1cca0
  custom:container-muxer-webm: aa71ff27fc2769a1b78a27578f13a17b -> 
  custom:scripting/precompiled-assembly-types:unique_identifier_msgs_assembly:  -> 0722514d353a5fa84ff50d72c3fe1518
  custom:scripting/precompiled-assembly-types:actionlib_msgs_assembly:  -> 4737f4453aca56266203e3881e290e7e
  custom:scripting/precompiled-assembly-types:trajectory_msgs_assembly:  -> 6ab153da704a0e2a0bd3c7c989404a34
  custom:scripting/precompiled-assembly-types:builtin_interfaces_assembly:  -> 6471b00689516d4766b7b02fa35fb470
  custom:scripting/precompiled-assembly-types:ros2cs_core:  -> 52cd421c83497339dad9e54ec8d67b9c
  custom:scripting/precompiled-assembly-types:unitree_api_assembly:  -> 01abe994fc86871ad295b8c27103def4
  custom:scripting/precompiled-assembly-types:diagnostic_msgs_assembly:  -> b8485d87f45a0007f31fc49830cd592a
  custom:scripting/precompiled-assembly-types:lifecycle_msgs_assembly:  -> c1d57595b5a7da91c6a60a55bfb164c8
  custom:scripting/precompiled-assembly-types:GifImporter.Editor:  -> 0b2344f56563d59f893e02cbe3e67dcd
  custom:scripting/precompiled-assembly-types:action_msgs_assembly:  -> 06f294d42755d528b8d56e9e31cff75c
  custom:scripting/precompiled-assembly-types:geometry_msgs_assembly:  -> f4fb7254f2b7a1394aac2a2cc166e113
  custom:scripting/precompiled-assembly-types:rosgraph_msgs_assembly:  -> 7b185fa71e790ee3a161bdd62db98b08
  custom:scripting/precompiled-assembly-types:shape_msgs_assembly:  -> 249b6ed15b5936c3063fe72f46169369
  custom:scripting/precompiled-assembly-types:rcl_interfaces_assembly:  -> 1f90e9dd9744ea07f510e12e469602d7
  custom:scripting/precompiled-assembly-types:sensor_msgs_assembly:  -> d8faa0892984bac7485d3a83ac75a223
  custom:scripting/precompiled-assembly-types:stereo_msgs_assembly:  -> d8a4c5284b1497bcd4d2c6a4a7add63a
  custom:scripting/precompiled-assembly-types:Unity.UOS.Encrypt:  -> 7a6315104a059f81d19026446b877d61
  custom:scripting/precompiled-assembly-types:tf2_msgs_assembly:  -> 9136b9cc934a6fb36d12c7a97d032807
  custom:scripting/precompiled-assembly-types:nav_msgs_assembly:  -> 5d9473157ab74747a08ed99c154535a1
  custom:scripting/precompiled-assembly-types:composition_interfaces_assembly:  -> 254ef6a2336e5740d258dafd1eed2574
  custom:scripting/precompiled-assembly-types:std_srvs_assembly:  -> 7d0cc7d77a045533aff7a6be94be770b
  custom:scripting/precompiled-assembly-types:statistics_msgs_assembly:  -> cf98c839fdad50b48caee009d6a44347
  custom:scripting/precompiled-assembly-types:GifForUnity:  -> 888fc6d130c9e3e30debf54a3e0aedb5
  custom:scripting/precompiled-assembly-types:unitree_go_assembly:  -> 2bcfb66c9ecc88a149cc4a4266e42a4a
  custom:scripting/precompiled-assembly-types:visualization_msgs_assembly:  -> 44b2af9577aeac2ab56dcad287f93b1a
  custom:scripting/precompiled-assembly-types:ros2cs_common:  -> d2061cc77464ad5bc9f61613ebcb5495
  custom:scripting/precompiled-assembly-types:std_msgs_assembly:  -> 29342e9ecd4c8b70f88446f857491dc3
  custom:scripting/precompiled-assembly-types:test_msgs_assembly:  -> df84e8d558cb89dfa486f7cd582c47af
  custom:scripting/precompiled-assembly-types:GifPacked:  -> ad36f1bf77d2edb7ea9efcfee76b4ac5
